<?xml version="1.0" encoding="UTF-8"?>
<!-- Generated by org.testng.reporters.JUnitXMLReporter -->
<testsuite hostname="EPBYMINW2898" ignored="0" name="Default test" tests="37" failures="1" timestamp="07 Jun 2017 14:38:07 GMT" time="0.311" errors="0">
  <testcase name="testCosine" time="0.014" classname="com.atm.xunit.hometask.runner.CalculatorTest"/>
  <testcase name="testCosine" time="0.005" classname="com.atm.xunit.hometask.runner.CalculatorTest"/>
  <testcase name="testCosine" time="0.003" classname="com.atm.xunit.hometask.runner.CalculatorTest"/>
  <testcase name="testNegSub" time="0.001" classname="com.atm.xunit.hometask.runner.CalculatorTest"/>
  <testcase name="testNegSub" time="0.002" classname="com.atm.xunit.hometask.runner.CalculatorTest"/>
  <testcase name="testNegSub" time="0.002" classname="com.atm.xunit.hometask.runner.CalculatorTest"/>
  <testcase name="testAdd" time="0.002" classname="com.atm.xunit.hometask.runner.CalculatorTest"/>
  <testcase name="testAdd" time="0.003" classname="com.atm.xunit.hometask.runner.CalculatorTest"/>
  <testcase name="testAdd" time="0.003" classname="com.atm.xunit.hometask.runner.CalculatorTest"/>
  <testcase name="testDiv" time="0.003" classname="com.atm.xunit.hometask.runner.CalculatorTest"/>
  <testcase name="testDiv" time="0.003" classname="com.atm.xunit.hometask.runner.CalculatorTest"/>
  <testcase name="testDiv" time="0.004" classname="com.atm.xunit.hometask.runner.CalculatorTest"/>
  <testcase name="testMul" time="0.003" classname="com.atm.xunit.hometask.runner.CalculatorTest"/>
  <testcase name="testMul" time="0.009" classname="com.atm.xunit.hometask.runner.CalculatorTest"/>
  <testcase name="testMul" time="0.002" classname="com.atm.xunit.hometask.runner.CalculatorTest"/>
  <testcase name="testNegAdd" time="0.005" classname="com.atm.xunit.hometask.runner.CalculatorTest"/>
  <testcase name="testNegAdd" time="0.002" classname="com.atm.xunit.hometask.runner.CalculatorTest"/>
  <testcase name="testNegAdd" time="0.001" classname="com.atm.xunit.hometask.runner.CalculatorTest"/>
  <testcase name="testNegDiv" time="0.002" classname="com.atm.xunit.hometask.runner.CalculatorTest"/>
  <testcase name="testNegDiv" time="0.001" classname="com.atm.xunit.hometask.runner.CalculatorTest"/>
  <testcase name="testNegDiv" time="0.001" classname="com.atm.xunit.hometask.runner.CalculatorTest"/>
  <testcase name="testNegMul" time="0.008" classname="com.atm.xunit.hometask.runner.CalculatorTest"/>
  <testcase name="testNegMul" time="0.001" classname="com.atm.xunit.hometask.runner.CalculatorTest"/>
  <testcase name="testNegMul" time="0.003" classname="com.atm.xunit.hometask.runner.CalculatorTest"/>
  <testcase name="testNegSqrt" time="0.001" classname="com.atm.xunit.hometask.runner.CalculatorTest"/>
  <testcase name="testNegSqrt" time="0.002" classname="com.atm.xunit.hometask.runner.CalculatorTest"/>
  <testcase name="testNegSqrt" time="0.004" classname="com.atm.xunit.hometask.runner.CalculatorTest"/>
  <testcase name="testSqrt" time="0.003" classname="com.atm.xunit.hometask.runner.CalculatorTest"/>
  <testcase name="testSqrt" time="0.003" classname="com.atm.xunit.hometask.runner.CalculatorTest"/>
  <testcase name="testSqrt" time="0.003" classname="com.atm.xunit.hometask.runner.CalculatorTest"/>
  <testcase name="testSub" time="0.001" classname="com.atm.xunit.hometask.runner.CalculatorTest"/>
  <testcase name="testSub" time="0.003" classname="com.atm.xunit.hometask.runner.CalculatorTest"/>
  <testcase name="testSub" time="0.002" classname="com.atm.xunit.hometask.runner.CalculatorTest"/>
  <testcase name="testTangens" time="0.003" classname="com.atm.xunit.hometask.runner.CalculatorTest">
    <failure type="java.lang.AssertionError" message="expected [1.6197751905438615] but found [1.0]">
      <![CDATA[java.lang.AssertionError: expected [1.6197751905438615] but found [1.0]
	at org.testng.Assert.fail(Assert.java:94)
	at org.testng.Assert.failNotEquals(Assert.java:513)
	at org.testng.Assert.assertEqualsImpl(Assert.java:135)
	at org.testng.Assert.assertEquals(Assert.java:116)
	at org.testng.Assert.assertEquals(Assert.java:179)
	at com.atm.xunit.hometask.runner.CalculatorTest.testTangens(CalculatorTest.java:115)
	at sun.reflect.NativeMethodAccessorImpl.invoke0(Native Method)
	at sun.reflect.NativeMethodAccessorImpl.invoke(Unknown Source)
	at sun.reflect.DelegatingMethodAccessorImpl.invoke(Unknown Source)
	at java.lang.reflect.Method.invoke(Unknown Source)
	at org.testng.internal.MethodInvocationHelper.invokeMethod(MethodInvocationHelper.java:104)
	at org.testng.internal.Invoker.invokeMethod(Invoker.java:645)
	at org.testng.internal.Invoker.invokeTestMethod(Invoker.java:851)
	at org.testng.internal.Invoker.invokeTestMethods(Invoker.java:1177)
	at org.testng.internal.TestMethodWorker.invokeTestMethods(TestMethodWorker.java:129)
	at org.testng.internal.TestMethodWorker.run(TestMethodWorker.java:112)
	at org.testng.TestRunner.privateRun(TestRunner.java:756)
	at org.testng.TestRunner.run(TestRunner.java:610)
	at org.testng.SuiteRunner.runTest(SuiteRunner.java:387)
	at org.testng.SuiteRunner.runSequentially(SuiteRunner.java:382)
	at org.testng.SuiteRunner.privateRun(SuiteRunner.java:340)
	at org.testng.SuiteRunner.run(SuiteRunner.java:289)
	at org.testng.SuiteRunnerWorker.runSuite(SuiteRunnerWorker.java:52)
	at org.testng.SuiteRunnerWorker.run(SuiteRunnerWorker.java:86)
	at org.testng.TestNG.runSuitesSequentially(TestNG.java:1293)
	at org.testng.TestNG.runSuitesLocally(TestNG.java:1218)
	at org.testng.TestNG.runSuites(TestNG.java:1133)
	at org.testng.TestNG.run(TestNG.java:1104)
	at org.testng.remote.AbstractRemoteTestNG.run(AbstractRemoteTestNG.java:132)
	at org.testng.remote.RemoteTestNG.initAndRun(RemoteTestNG.java:230)
	at org.testng.remote.RemoteTestNG.main(RemoteTestNG.java:76)
]]>
    </failure>
  </testcase> <!-- testTangens -->
  <testcase name="testTangent" time="0.001" classname="com.atm.xunit.hometask.runner.CalculatorTest"/>
  <testcase name="testTangent" time="0.0" classname="com.atm.xunit.hometask.runner.CalculatorTest"/>
  <testcase name="testTangent" time="0.002" classname="com.atm.xunit.hometask.runner.CalculatorTest"/>
</testsuite> <!-- Default test -->
