<html>
<head>
<title>TestNG:  CalculatorTest</title>
<link href="../testng.css" rel="stylesheet" type="text/css" />
<link href="../my-testng.css" rel="stylesheet" type="text/css" />

<style type="text/css">
.log { display: none;} 
.stack-trace { display: none;} 
</style>
<script type="text/javascript">
<!--
function flip(e) {
  current = e.style.display;
  if (current == 'block') {
    e.style.display = 'none';
    return 0;
  }
  else {
    e.style.display = 'block';
    return 1;
  }
}

function toggleBox(szDivId, elem, msg1, msg2)
{
  var res = -1;  if (document.getElementById) {
    res = flip(document.getElementById(szDivId));
  }
  else if (document.all) {
    // this is the way old msie versions work
    res = flip(document.all[szDivId]);
  }
  if(elem) {
    if(res == 0) elem.innerHTML = msg1; else elem.innerHTML = msg2;
  }

}

function toggleAllBoxes() {
  if (document.getElementsByTagName) {
    d = document.getElementsByTagName('div');
    for (i = 0; i < d.length; i++) {
      if (d[i].className == 'log') {
        flip(d[i]);
      }
    }
  }
}

// -->
</script>

</head>
<body>
<h2 align='center'>CalculatorTest</h2><table border='1' align="center">
<tr>
<td>Tests passed/Failed/Skipped:</td><td>30/2/0</td>
</tr><tr>
<td>Started on:</td><td>Tue Jun 13 18:18:19 IST 2017</td>
</tr>
<tr><td>Total time:</td><td>0 seconds (95 ms)</td>
</tr><tr>
<td>Included groups:</td><td>negative tangent cosine positive </td>
</tr><tr>
<td>Excluded groups:</td><td>broken </td>
</tr>
</table><p/>
<small><i>(Hover the method name to see the test class name)</i></small><p/>
<table width='100%' border='1' class='invocation-failed'>
<tr><td colspan='4' align='center'><b>FAILED TESTS</b></td></tr>
<tr><td><b>Test method</b></td>
<td width="30%"><b>Exception</b></td>
<td width="10%"><b>Time (seconds)</b></td>
<td><b>Instance</b></td>
</tr>
<tr>
<td title='com.atm.xunit.hometask.runner.CalculatorTest.testCosine()'><b>testCosine</b><br>Test class: com.atm.xunit.hometask.runner.CalculatorTest</td>
<td><div><pre>java.lang.AssertionError: expected [-0.4480736161291702] but found [0.8939966636005579]
	at com.atm.xunit.hometask.runner.CalculatorTest.testCosine(CalculatorTest.java:123)
	at java.util.concurrent.ThreadPoolExecutor.runWorker(ThreadPoolExecutor.java:1142)
	at java.util.concurrent.ThreadPoolExecutor$Worker.run(ThreadPoolExecutor.java:617)
	at java.lang.Thread.run(Thread.java:745)
... Removed 15 stack frames</pre></div><a href='#' onClick='toggleBox("stack-trace802515790", this, "Click to show all stack frames", "Click to hide stack frames")'>Click to show all stack frames</a>
<div class='stack-trace' id='stack-trace802515790'><pre>java.lang.AssertionError: expected [-0.4480736161291702] but found [0.8939966636005579]
	at org.testng.Assert.fail(Assert.java:94)
	at org.testng.Assert.failNotEquals(Assert.java:513)
	at org.testng.Assert.assertEqualsImpl(Assert.java:135)
	at org.testng.Assert.assertEquals(Assert.java:116)
	at org.testng.Assert.assertEquals(Assert.java:179)
	at com.atm.xunit.hometask.runner.CalculatorTest.testCosine(CalculatorTest.java:123)
	at sun.reflect.NativeMethodAccessorImpl.invoke0(Native Method)
	at sun.reflect.NativeMethodAccessorImpl.invoke(NativeMethodAccessorImpl.java:62)
	at sun.reflect.DelegatingMethodAccessorImpl.invoke(DelegatingMethodAccessorImpl.java:43)
	at java.lang.reflect.Method.invoke(Method.java:497)
	at org.testng.internal.MethodInvocationHelper.invokeMethod(MethodInvocationHelper.java:104)
	at org.testng.internal.Invoker.invokeMethod(Invoker.java:645)
	at org.testng.internal.Invoker.invokeTestMethod(Invoker.java:851)
	at org.testng.internal.Invoker.invokeTestMethods(Invoker.java:1177)
	at org.testng.internal.TestMethodWorker.invokeTestMethods(TestMethodWorker.java:129)
	at org.testng.internal.TestMethodWorker.run(TestMethodWorker.java:112)
	at java.util.concurrent.ThreadPoolExecutor.runWorker(ThreadPoolExecutor.java:1142)
	at java.util.concurrent.ThreadPoolExecutor$Worker.run(ThreadPoolExecutor.java:617)
	at java.lang.Thread.run(Thread.java:745)
</pre></div></td>
<td>0</td>
<td>com.atm.xunit.hometask.runner.CalculatorTest@6fd02e5</td></tr>
<tr>
<td title='com.atm.xunit.hometask.runner.CalculatorTest.testTangens()'><b>testTangens</b><br>Test class: com.atm.xunit.hometask.runner.CalculatorTest</td>
<td><div><pre>java.lang.AssertionError: expected [1.6197751905438615] but found [1.0]
	at com.atm.xunit.hometask.runner.CalculatorTest.testTangens(CalculatorTest.java:114)
	at java.util.concurrent.ThreadPoolExecutor.runWorker(ThreadPoolExecutor.java:1142)
	at java.util.concurrent.ThreadPoolExecutor$Worker.run(ThreadPoolExecutor.java:617)
	at java.lang.Thread.run(Thread.java:745)
... Removed 15 stack frames</pre></div><a href='#' onClick='toggleBox("stack-trace1942566063", this, "Click to show all stack frames", "Click to hide stack frames")'>Click to show all stack frames</a>
<div class='stack-trace' id='stack-trace1942566063'><pre>java.lang.AssertionError: expected [1.6197751905438615] but found [1.0]
	at org.testng.Assert.fail(Assert.java:94)
	at org.testng.Assert.failNotEquals(Assert.java:513)
	at org.testng.Assert.assertEqualsImpl(Assert.java:135)
	at org.testng.Assert.assertEquals(Assert.java:116)
	at org.testng.Assert.assertEquals(Assert.java:179)
	at com.atm.xunit.hometask.runner.CalculatorTest.testTangens(CalculatorTest.java:114)
	at sun.reflect.NativeMethodAccessorImpl.invoke0(Native Method)
	at sun.reflect.NativeMethodAccessorImpl.invoke(NativeMethodAccessorImpl.java:62)
	at sun.reflect.DelegatingMethodAccessorImpl.invoke(DelegatingMethodAccessorImpl.java:43)
	at java.lang.reflect.Method.invoke(Method.java:497)
	at org.testng.internal.MethodInvocationHelper.invokeMethod(MethodInvocationHelper.java:104)
	at org.testng.internal.Invoker.invokeMethod(Invoker.java:645)
	at org.testng.internal.Invoker.invokeTestMethod(Invoker.java:851)
	at org.testng.internal.Invoker.invokeTestMethods(Invoker.java:1177)
	at org.testng.internal.TestMethodWorker.invokeTestMethods(TestMethodWorker.java:129)
	at org.testng.internal.TestMethodWorker.run(TestMethodWorker.java:112)
	at java.util.concurrent.ThreadPoolExecutor.runWorker(ThreadPoolExecutor.java:1142)
	at java.util.concurrent.ThreadPoolExecutor$Worker.run(ThreadPoolExecutor.java:617)
	at java.lang.Thread.run(Thread.java:745)
</pre></div></td>
<td>0</td>
<td>com.atm.xunit.hometask.runner.CalculatorTest@6fd02e5</td></tr>
</table><p>
<table width='100%' border='1' class='invocation-passed'>
<tr><td colspan='4' align='center'><b>PASSED TESTS</b></td></tr>
<tr><td><b>Test method</b></td>
<td width="30%"><b>Exception</b></td>
<td width="10%"><b>Time (seconds)</b></td>
<td><b>Instance</b></td>
</tr>
<tr>
<td title='com.atm.xunit.hometask.runner.CalculatorTest.testAdd()'><b>testAdd</b><br>Test class: com.atm.xunit.hometask.runner.CalculatorTest<br>Parameters: 2, 2, 4</td>
<td></td>
<td>0</td>
<td>com.atm.xunit.hometask.runner.CalculatorTest@6fd02e5</td></tr>
<tr>
<td title='com.atm.xunit.hometask.runner.CalculatorTest.testAdd()'><b>testAdd</b><br>Test class: com.atm.xunit.hometask.runner.CalculatorTest<br>Parameters: 2, 3, 5</td>
<td></td>
<td>0</td>
<td>com.atm.xunit.hometask.runner.CalculatorTest@6fd02e5</td></tr>
<tr>
<td title='com.atm.xunit.hometask.runner.CalculatorTest.testAdd()'><b>testAdd</b><br>Test class: com.atm.xunit.hometask.runner.CalculatorTest<br>Parameters: 5, 3, 8</td>
<td></td>
<td>0</td>
<td>com.atm.xunit.hometask.runner.CalculatorTest@6fd02e5</td></tr>
<tr>
<td title='com.atm.xunit.hometask.runner.CalculatorTest.testCosine()'><b>testCosine</b><br>Test class: com.atm.xunit.hometask.runner.CalculatorTest<br>Parameters: 0, 1</td>
<td></td>
<td>0</td>
<td>com.atm.xunit.hometask.runner.CalculatorTest@6fd02e5</td></tr>
<tr>
<td title='com.atm.xunit.hometask.runner.CalculatorTest.testCosine()'><b>testCosine</b><br>Test class: com.atm.xunit.hometask.runner.CalculatorTest<br>Parameters: 45, 0.70710678118</td>
<td></td>
<td>0</td>
<td>com.atm.xunit.hometask.runner.CalculatorTest@6fd02e5</td></tr>
<tr>
<td title='com.atm.xunit.hometask.runner.CalculatorTest.testCosine()'><b>testCosine</b><br>Test class: com.atm.xunit.hometask.runner.CalculatorTest<br>Parameters: 90, 0</td>
<td></td>
<td>0</td>
<td>com.atm.xunit.hometask.runner.CalculatorTest@6fd02e5</td></tr>
<tr>
<td title='com.atm.xunit.hometask.runner.CalculatorTest.testDiv()'><b>testDiv</b><br>Test class: com.atm.xunit.hometask.runner.CalculatorTest<br>Parameters: 4, 2, 2</td>
<td></td>
<td>0</td>
<td>com.atm.xunit.hometask.runner.CalculatorTest@6fd02e5</td></tr>
<tr>
<td title='com.atm.xunit.hometask.runner.CalculatorTest.testDiv()'><b>testDiv</b><br>Test class: com.atm.xunit.hometask.runner.CalculatorTest<br>Parameters: 6, 3, 2</td>
<td></td>
<td>0</td>
<td>com.atm.xunit.hometask.runner.CalculatorTest@6fd02e5</td></tr>
<tr>
<td title='com.atm.xunit.hometask.runner.CalculatorTest.testDiv()'><b>testDiv</b><br>Test class: com.atm.xunit.hometask.runner.CalculatorTest<br>Parameters: 15, 3, 5</td>
<td></td>
<td>0</td>
<td>com.atm.xunit.hometask.runner.CalculatorTest@6fd02e5</td></tr>
<tr>
<td title='com.atm.xunit.hometask.runner.CalculatorTest.testMul()'><b>testMul</b><br>Test class: com.atm.xunit.hometask.runner.CalculatorTest<br>Parameters: 4, 2, 8</td>
<td></td>
<td>0</td>
<td>com.atm.xunit.hometask.runner.CalculatorTest@6fd02e5</td></tr>
<tr>
<td title='com.atm.xunit.hometask.runner.CalculatorTest.testMul()'><b>testMul</b><br>Test class: com.atm.xunit.hometask.runner.CalculatorTest<br>Parameters: 5, 3, 15</td>
<td></td>
<td>0</td>
<td>com.atm.xunit.hometask.runner.CalculatorTest@6fd02e5</td></tr>
<tr>
<td title='com.atm.xunit.hometask.runner.CalculatorTest.testMul()'><b>testMul</b><br>Test class: com.atm.xunit.hometask.runner.CalculatorTest<br>Parameters: 6, 3, 18</td>
<td></td>
<td>0</td>
<td>com.atm.xunit.hometask.runner.CalculatorTest@6fd02e5</td></tr>
<tr>
<td title='com.atm.xunit.hometask.runner.CalculatorTest.testNegAdd()'><b>testNegAdd</b><br>Test class: com.atm.xunit.hometask.runner.CalculatorTest<br>Parameters: 2, 2, 5</td>
<td></td>
<td>0</td>
<td>com.atm.xunit.hometask.runner.CalculatorTest@6fd02e5</td></tr>
<tr>
<td title='com.atm.xunit.hometask.runner.CalculatorTest.testNegAdd()'><b>testNegAdd</b><br>Test class: com.atm.xunit.hometask.runner.CalculatorTest<br>Parameters: 2, 3, 6</td>
<td></td>
<td>0</td>
<td>com.atm.xunit.hometask.runner.CalculatorTest@6fd02e5</td></tr>
<tr>
<td title='com.atm.xunit.hometask.runner.CalculatorTest.testNegAdd()'><b>testNegAdd</b><br>Test class: com.atm.xunit.hometask.runner.CalculatorTest<br>Parameters: 5, 3, 9</td>
<td></td>
<td>0</td>
<td>com.atm.xunit.hometask.runner.CalculatorTest@6fd02e5</td></tr>
<tr>
<td title='com.atm.xunit.hometask.runner.CalculatorTest.testNegMul()'><b>testNegMul</b><br>Test class: com.atm.xunit.hometask.runner.CalculatorTest<br>Parameters: 2, 2, 41</td>
<td></td>
<td>0</td>
<td>com.atm.xunit.hometask.runner.CalculatorTest@6fd02e5</td></tr>
<tr>
<td title='com.atm.xunit.hometask.runner.CalculatorTest.testNegMul()'><b>testNegMul</b><br>Test class: com.atm.xunit.hometask.runner.CalculatorTest<br>Parameters: 12, 3, 111</td>
<td></td>
<td>0</td>
<td>com.atm.xunit.hometask.runner.CalculatorTest@6fd02e5</td></tr>
<tr>
<td title='com.atm.xunit.hometask.runner.CalculatorTest.testNegMul()'><b>testNegMul</b><br>Test class: com.atm.xunit.hometask.runner.CalculatorTest<br>Parameters: 115, 3, 91</td>
<td></td>
<td>0</td>
<td>com.atm.xunit.hometask.runner.CalculatorTest@6fd02e5</td></tr>
<tr>
<td title='com.atm.xunit.hometask.runner.CalculatorTest.testNegSqrt()'><b>testNegSqrt</b><br>Test class: com.atm.xunit.hometask.runner.CalculatorTest<br>Parameters: -4, 12</td>
<td></td>
<td>0</td>
<td>com.atm.xunit.hometask.runner.CalculatorTest@6fd02e5</td></tr>
<tr>
<td title='com.atm.xunit.hometask.runner.CalculatorTest.testNegSqrt()'><b>testNegSqrt</b><br>Test class: com.atm.xunit.hometask.runner.CalculatorTest<br>Parameters: -16, 45</td>
<td></td>
<td>0</td>
<td>com.atm.xunit.hometask.runner.CalculatorTest@6fd02e5</td></tr>
<tr>
<td title='com.atm.xunit.hometask.runner.CalculatorTest.testNegSqrt()'><b>testNegSqrt</b><br>Test class: com.atm.xunit.hometask.runner.CalculatorTest<br>Parameters: -181, 97</td>
<td></td>
<td>0</td>
<td>com.atm.xunit.hometask.runner.CalculatorTest@6fd02e5</td></tr>
<tr>
<td title='com.atm.xunit.hometask.runner.CalculatorTest.testNegSub()'><b>testNegSub</b><br>Test class: com.atm.xunit.hometask.runner.CalculatorTest<br>Parameters: 2, 2, 1</td>
<td></td>
<td>0</td>
<td>com.atm.xunit.hometask.runner.CalculatorTest@6fd02e5</td></tr>
<tr>
<td title='com.atm.xunit.hometask.runner.CalculatorTest.testNegSub()'><b>testNegSub</b><br>Test class: com.atm.xunit.hometask.runner.CalculatorTest<br>Parameters: 2, 3, 1</td>
<td></td>
<td>0</td>
<td>com.atm.xunit.hometask.runner.CalculatorTest@6fd02e5</td></tr>
<tr>
<td title='com.atm.xunit.hometask.runner.CalculatorTest.testNegSub()'><b>testNegSub</b><br>Test class: com.atm.xunit.hometask.runner.CalculatorTest<br>Parameters: 15, 3, 9</td>
<td></td>
<td>0</td>
<td>com.atm.xunit.hometask.runner.CalculatorTest@6fd02e5</td></tr>
<tr>
<td title='com.atm.xunit.hometask.runner.CalculatorTest.testSub()'><b>testSub</b><br>Test class: com.atm.xunit.hometask.runner.CalculatorTest<br>Parameters: 4, 2, 2</td>
<td></td>
<td>0</td>
<td>com.atm.xunit.hometask.runner.CalculatorTest@6fd02e5</td></tr>
<tr>
<td title='com.atm.xunit.hometask.runner.CalculatorTest.testSub()'><b>testSub</b><br>Test class: com.atm.xunit.hometask.runner.CalculatorTest<br>Parameters: 5, 3, 2</td>
<td></td>
<td>0</td>
<td>com.atm.xunit.hometask.runner.CalculatorTest@6fd02e5</td></tr>
<tr>
<td title='com.atm.xunit.hometask.runner.CalculatorTest.testSub()'><b>testSub</b><br>Test class: com.atm.xunit.hometask.runner.CalculatorTest<br>Parameters: 6, 3, 3</td>
<td></td>
<td>0</td>
<td>com.atm.xunit.hometask.runner.CalculatorTest@6fd02e5</td></tr>
<tr>
<td title='com.atm.xunit.hometask.runner.CalculatorTest.testTangent()'><b>testTangent</b><br>Test class: com.atm.xunit.hometask.runner.CalculatorTest<br>Parameters: 0, 0</td>
<td></td>
<td>0</td>
<td>com.atm.xunit.hometask.runner.CalculatorTest@6fd02e5</td></tr>
<tr>
<td title='com.atm.xunit.hometask.runner.CalculatorTest.testTangent()'><b>testTangent</b><br>Test class: com.atm.xunit.hometask.runner.CalculatorTest<br>Parameters: 45, 1</td>
<td></td>
<td>0</td>
<td>com.atm.xunit.hometask.runner.CalculatorTest@6fd02e5</td></tr>
<tr>
<td title='com.atm.xunit.hometask.runner.CalculatorTest.testTangent()'><b>testTangent</b><br>Test class: com.atm.xunit.hometask.runner.CalculatorTest<br>Parameters: 60, 1.73205080757</td>
<td></td>
<td>0</td>
<td>com.atm.xunit.hometask.runner.CalculatorTest@6fd02e5</td></tr>
</table><p>
</body>
</html>