<?xml version="1.0" encoding="UTF-8"?>
<!-- Generated by org.testng.reporters.JUnitReportReporter -->
<testsuite name="com.atm.xunit.hometask.runner.CalculatorTest" tests="32" time="0.058" ignored="2" failures="2" timestamp="13 Jun 2017 12:48:19 GMT" skipped="0" hostname="EPINHYDW0086" errors="0">
  <testcase name="testDiv" time="0.000" classname="com.atm.xunit.hometask.runner.CalculatorTest"/>
  <testcase name="testCosine" time="0.001" classname="com.atm.xunit.hometask.runner.CalculatorTest"/>
  <testcase name="testNegMul" time="0.001" classname="com.atm.xunit.hometask.runner.CalculatorTest"/>
  <testcase name="testNegSqrt" time="0.002" classname="com.atm.xunit.hometask.runner.CalculatorTest"/>
  <testcase name="testSub" time="0.002" classname="com.atm.xunit.hometask.runner.CalculatorTest"/>
  <testcase name="testAdd" time="0.002" classname="com.atm.xunit.hometask.runner.CalculatorTest"/>
  <testcase name="testSub" time="0.001" classname="com.atm.xunit.hometask.runner.CalculatorTest"/>
  <testcase name="testAdd" time="0.001" classname="com.atm.xunit.hometask.runner.CalculatorTest"/>
  <testcase name="testTangent" time="0.001" classname="com.atm.xunit.hometask.runner.CalculatorTest"/>
  <testcase name="testNegAdd" time="0.005" classname="com.atm.xunit.hometask.runner.CalculatorTest"/>
  <testcase name="testMul" time="0.000" classname="com.atm.xunit.hometask.runner.CalculatorTest"/>
  <testcase name="testTangent" time="0.000" classname="com.atm.xunit.hometask.runner.CalculatorTest"/>
  <testcase name="testNegSqrt" time="0.002" classname="com.atm.xunit.hometask.runner.CalculatorTest"/>
  <testcase name="testCosine" time="0.006" classname="com.atm.xunit.hometask.runner.CalculatorTest"/>
  <testcase name="testCosine" time="0.001" classname="com.atm.xunit.hometask.runner.CalculatorTest">
    <failure type="java.lang.AssertionError" message="expected [-0.4480736161291702] but found [0.8939966636005579]">
      <![CDATA[java.lang.AssertionError: expected [-0.4480736161291702] but found [0.8939966636005579]
	at org.testng.Assert.fail(Assert.java:94)
	at org.testng.Assert.failNotEquals(Assert.java:513)
	at org.testng.Assert.assertEqualsImpl(Assert.java:135)
	at org.testng.Assert.assertEquals(Assert.java:116)
	at org.testng.Assert.assertEquals(Assert.java:179)
	at com.atm.xunit.hometask.runner.CalculatorTest.testCosine(CalculatorTest.java:123)
	at sun.reflect.NativeMethodAccessorImpl.invoke0(Native Method)
	at sun.reflect.NativeMethodAccessorImpl.invoke(NativeMethodAccessorImpl.java:62)
	at sun.reflect.DelegatingMethodAccessorImpl.invoke(DelegatingMethodAccessorImpl.java:43)
	at java.lang.reflect.Method.invoke(Method.java:497)
	at org.testng.internal.MethodInvocationHelper.invokeMethod(MethodInvocationHelper.java:104)
	at org.testng.internal.Invoker.invokeMethod(Invoker.java:645)
	at org.testng.internal.Invoker.invokeTestMethod(Invoker.java:851)
	at org.testng.internal.Invoker.invokeTestMethods(Invoker.java:1177)
	at org.testng.internal.TestMethodWorker.invokeTestMethods(TestMethodWorker.java:129)
	at org.testng.internal.TestMethodWorker.run(TestMethodWorker.java:112)
	at java.util.concurrent.ThreadPoolExecutor.runWorker(ThreadPoolExecutor.java:1142)
	at java.util.concurrent.ThreadPoolExecutor$Worker.run(ThreadPoolExecutor.java:617)
	at java.lang.Thread.run(Thread.java:745)
]]>
    </failure>
  </testcase> <!-- testCosine -->
  <testcase name="testNegAdd" time="0.001" classname="com.atm.xunit.hometask.runner.CalculatorTest"/>
  <testcase name="testCosine" time="0.005" classname="com.atm.xunit.hometask.runner.CalculatorTest"/>
  <testcase name="testDiv" time="0.001" classname="com.atm.xunit.hometask.runner.CalculatorTest"/>
  <testcase name="testNegSqrt" time="0.002" classname="com.atm.xunit.hometask.runner.CalculatorTest"/>
  <testcase name="testTangens" time="0.005" classname="com.atm.xunit.hometask.runner.CalculatorTest">
    <failure type="java.lang.AssertionError" message="expected [1.6197751905438615] but found [1.0]">
      <![CDATA[java.lang.AssertionError: expected [1.6197751905438615] but found [1.0]
	at org.testng.Assert.fail(Assert.java:94)
	at org.testng.Assert.failNotEquals(Assert.java:513)
	at org.testng.Assert.assertEqualsImpl(Assert.java:135)
	at org.testng.Assert.assertEquals(Assert.java:116)
	at org.testng.Assert.assertEquals(Assert.java:179)
	at com.atm.xunit.hometask.runner.CalculatorTest.testTangens(CalculatorTest.java:114)
	at sun.reflect.NativeMethodAccessorImpl.invoke0(Native Method)
	at sun.reflect.NativeMethodAccessorImpl.invoke(NativeMethodAccessorImpl.java:62)
	at sun.reflect.DelegatingMethodAccessorImpl.invoke(DelegatingMethodAccessorImpl.java:43)
	at java.lang.reflect.Method.invoke(Method.java:497)
	at org.testng.internal.MethodInvocationHelper.invokeMethod(MethodInvocationHelper.java:104)
	at org.testng.internal.Invoker.invokeMethod(Invoker.java:645)
	at org.testng.internal.Invoker.invokeTestMethod(Invoker.java:851)
	at org.testng.internal.Invoker.invokeTestMethods(Invoker.java:1177)
	at org.testng.internal.TestMethodWorker.invokeTestMethods(TestMethodWorker.java:129)
	at org.testng.internal.TestMethodWorker.run(TestMethodWorker.java:112)
	at java.util.concurrent.ThreadPoolExecutor.runWorker(ThreadPoolExecutor.java:1142)
	at java.util.concurrent.ThreadPoolExecutor$Worker.run(ThreadPoolExecutor.java:617)
	at java.lang.Thread.run(Thread.java:745)
]]>
    </failure>
  </testcase> <!-- testTangens -->
  <testcase name="testNegAdd" time="0.006" classname="com.atm.xunit.hometask.runner.CalculatorTest"/>
  <testcase name="testDiv" time="0.000" classname="com.atm.xunit.hometask.runner.CalculatorTest"/>
  <testcase name="testNegSub" time="0.002" classname="com.atm.xunit.hometask.runner.CalculatorTest"/>
  <testcase name="testAdd" time="0.001" classname="com.atm.xunit.hometask.runner.CalculatorTest"/>
  <testcase name="testNegSub" time="0.005" classname="com.atm.xunit.hometask.runner.CalculatorTest"/>
  <testcase name="testSub" time="0.002" classname="com.atm.xunit.hometask.runner.CalculatorTest"/>
  <testcase name="testMul" time="0.001" classname="com.atm.xunit.hometask.runner.CalculatorTest"/>
  <testcase name="testNegSub" time="0.000" classname="com.atm.xunit.hometask.runner.CalculatorTest"/>
  <testcase name="testNegMul" time="0.001" classname="com.atm.xunit.hometask.runner.CalculatorTest"/>
  <testcase name="testTangent" time="0.001" classname="com.atm.xunit.hometask.runner.CalculatorTest"/>
  <testcase name="testNegMul" time="0.000" classname="com.atm.xunit.hometask.runner.CalculatorTest"/>
  <testcase name="testMul" time="0.000" classname="com.atm.xunit.hometask.runner.CalculatorTest"/>
  <testcase name="testNegDiv" classname="com.atm.xunit.hometask.runner.CalculatorTest">
    <skipped/>
  </testcase> <!-- testNegDiv -->
  <testcase name="testSqrt" classname="com.atm.xunit.hometask.runner.CalculatorTest">
    <skipped/>
  </testcase> <!-- testSqrt -->
</testsuite> <!-- com.atm.xunit.hometask.runner.CalculatorTest -->
